time="2026-04-15 23:28:10" level=info msg="Logger initialised"
time="2026-04-15 23:28:31" level=info msg="Signup:shabinmuhammedk.07@gmail.com"
time="2026-04-15 23:28:36" level=info msg="OTP sent to shabinmuhammedk.07@gmail.com"
time="2026-04-15 23:33:01" level=warning msg="OTP failed:invalid OTP"
time="2026-04-15 23:33:54" level=info msg="Signup:shabinmuhammedk.07@gmail.com"
time="2026-04-15 23:33:59" level=info msg="OTP sent to shabinmuhammedk.07@gmail.com"
time="2026-04-15 23:34:32" level=warning msg="OTP failed:invalid OTP"
time="2026-04-15 23:39:06" level=warning msg="OTP failed:OTP expired"
time="2026-04-15 23:39:49" level=info msg="Logger initialised"
time="2026-04-15 23:40:11" level=info msg="Signup:shabinmuhammedk.07@gmail.com"
time="2026-04-15 23:40:16" level=info msg="OTP sent to shabinmuhammedk.07@gmail.com"
time="2026-04-15 23:40:44" level=warning msg="OTP failed:invalid OTP"
time="2026-04-15 23:49:51" level=info msg="Logger initialised"
time="2026-04-15 23:50:32" level=info msg="Signup:shabinmuhammedk.07@gmail.com"
time="2026-04-15 23:50:36" level=info msg="OTP sent to shabinmuhammedk.07@gmail.com"
time="2026-04-15 23:51:31" level=warning msg="OTP failed:invalid OTP"
time="2026-04-15 23:51:42" level=warning msg="OTP failed:invalid OTP"
time="2026-04-15 23:56:45" level=info msg="Logger initialised"
time="2026-04-15 23:57:05" level=info msg="Signup:shabinmuhammedk.07@gmail.com"
time="2026-04-15 23:57:05" level=info msg="========================================"
time="2026-04-15 23:57:05" level=info msg="📧 Email: shabinmuhammedk.07@gmail.com"
time="2026-04-15 23:57:05" level=info msg="🔐 Generated OTP: 68468"
time="2026-04-15 23:57:05" level=info msg="========================================"
time="2026-04-15 23:57:09" level=info msg="✅ OTP stored in Redis with key: otp:verify:shabinmuhammedk.07@gmail.com"
time="2026-04-15 23:57:09" level=info msg="✅ OTP will expire in 5 minutes"
time="2026-04-15 23:57:44" level=info msg="========================================"
time="2026-04-15 23:57:44" level=info msg="🔍 Verifying OTP for: shabinmuhammedk.07@gmail.com"
time="2026-04-15 23:57:44" level=info msg="📝 Entered OTP: 68468"
time="2026-04-15 23:57:44" level=info msg="🔑 Looking for key: otp:verify:shabinmuhammedk.07@gmail.com"
time="2026-04-15 23:57:44" level=info msg="📦 Stored OTP hash: $2a$10$bVtE3E4ji1qawG6gJnR3u.vFkl5Cw8C3S0g1wGC6w/cswMl8r7MRu"
time="2026-04-15 23:57:44" level=info msg="🔐 OTP valid: false"
time="2026-04-15 23:57:44" level=warning msg="❌ OTP mismatch!"
time="2026-04-15 23:57:44" level=warning msg="OTP failed:invalid OTP"
time="2026-04-16 00:00:50" level=info msg="Logger initialised"
time="2026-04-16 00:01:52" level=info msg="Signup:shabinmuhammedk.07@gmail.com"
time="2026-04-16 00:02:01" level=info msg="OTP sent to shabinmuhammedk.07@gmail.com"
time="2026-04-16 00:03:36" level=error msg="Login failed:invalid credentials"
time="2026-04-16 00:03:44" level=error msg="Login failed:invalid credentials"
time="2026-04-16 00:04:56" level=error msg="Login failed:invalid credentials"
time="2026-04-16 00:05:13" level=error msg="Login failed:invalid credentials"
time="2026-04-16 00:05:21" level=error msg="Login failed:invalid credentials"
time="2026-04-16 00:07:27" level=error msg="Login failed:invalid credentials"
time="2026-04-16 00:08:16" level=info msg="Logger initialised"
time="2026-04-16 00:08:30" level=info msg="Signup:shabinmuhammedk.07@gmail.com"
time="2026-04-16 00:08:35" level=info msg="OTP sent to shabinmuhammedk.07@gmail.com"
time="2026-04-16 00:18:57" level=warning msg="Refresh failedinvalid token"
time="2026-04-16 00:20:46" level=error msg="Logout failed:invalid token"
time="2026-04-16 00:23:11" level=info msg="Logger initialised"
time="2026-04-16 00:23:49" level=info msg="Signup:shabinmuhammedk.07@gmail.com"
time="2026-04-16 00:23:53" level=info msg="OTP sent to shabinmuhammedk.07@gmail.com"
time="2026-04-16 00:26:46" level=warning msg="Refresh failedtoken not found"
time="2026-04-16 00:26:52" level=warning msg="Refresh failedtoken not found"
time="2026-04-16 00:27:29" level=warning msg="Refresh failedtoken not found"
time="2026-04-16 00:28:15" level=warning msg="Refresh failedinvalid token"
time="2026-04-16 00:28:34" level=warning msg="Refresh failedinvalid token"
time="2026-04-16 00:28:51" level=warning msg="Refresh failedtoken not found"
time="2026-04-16 00:30:39" level=warning msg="Refresh failedtoken not found"
time="2026-04-16 00:31:38" level=warning msg="Refresh failedtoken not found"
time="2026-04-16 00:32:06" level=warning msg="Refresh failedinvalid token"
time="2026-04-16 00:36:38" level=info msg="Logger initialised"
time="2026-04-16 00:37:47" level=info msg="Signup:shabinmuhammedk.07@gmail.com"
time="2026-04-16 00:37:51" level=info msg="OTP sent to shabinmuhammedk.07@gmail.com"
time="2026-04-16 00:40:49" level=warning msg="Refresh failedtoken not found"
time="2026-04-16 00:40:56" level=warning msg="Refresh failedtoken not found"
time="2026-04-16 00:42:30" level=info msg="Logger initialised"
time="2026-04-16 00:43:10" level=info msg="Signup:shabinmuhammedk.07@gmail.com"
time="2026-04-16 00:43:14" level=info msg="OTP sent to shabinmuhammedk.07@gmail.com"
time="2026-04-16 00:44:53" level=warning msg="Refresh failedtoken not found"
time="2026-04-16 00:45:01" level=warning msg="Refresh failedtoken not found"
time="2026-04-16 10:04:07" level=info msg="Logger initialised"
time="2026-04-16 10:05:15" level=info msg="Signup:shabinmuhammedk.07@gmail.com"
time="2026-04-16 10:05:21" level=info msg="OTP sent to shabinmuhammedk.07@gmail.com"
time="2026-04-16 10:06:18" level=info msg="Signup:shabinmuhammedk.07@gmail.com"
time="2026-04-16 10:06:18" level=error msg="Signup failed:email already exist"
time="2026-04-16 11:29:10" level=info msg="Logger initialised"
time="2026-04-16 11:30:15" level=info msg="Signup:faihanafiha12@gmail.com"
time="2026-04-16 11:30:21" level=error msg="Signup failed:ERROR: duplicate key value violates unique constraint \"idx_users_phone\" (SQLSTATE 23505)"
time="2026-04-16 11:30:35" level=info msg="Signup:faihanafiha12@gmail.com"
time="2026-04-16 11:30:42" level=info msg="OTP sent to faihanafiha12@gmail.com"
time="2026-04-16 11:32:09" level=warning msg="OTP failed:invalid OTP"
time="2026-04-16 11:32:20" level=warning msg="OTP failed:invalid OTP"
time="2026-04-16 11:32:31" level=warning msg="OTP failed:invalid OTP"
time="2026-04-20 16:23:48" level=info msg="Logger initialised"
time="2026-04-20 16:23:48" level=info msg="server running on port8080"
time="2026-04-21 10:28:58" level=info msg="Logger initialised"
time="2026-04-21 10:28:58" level=info msg="server running on port8080"
time="2026-04-21 10:30:05" level=info msg="Signup:shabinmuhammedk.07@gmail.com"
time="2026-04-21 10:30:05" level=error msg="Signup failed:email already exist"
time="2026-04-21 10:36:02" level=info msg="Logger initialised"
time="2026-04-21 10:36:02" level=info msg="server running on port8080"
time="2026-04-21 10:36:26" level=info msg="Signup:shabinmuhammedk.07@gmail.com"
time="2026-04-21 10:36:33" level=info msg="OTP sent to shabinmuhammedk.07@gmail.com"
time="2026-04-21 13:48:45" level=info msg="Logger initialised"
time="2026-04-21 13:48:46" level=info msg="server running on port8080"
time="2026-04-21 15:59:04" level=info msg="Logger initialised"
time="2026-04-21 15:59:05" level=info msg="server running on port8080"
time="2026-04-22 21:18:31" level=info msg="Logger initialised"
time="2026-04-22 21:18:32" level=info msg="server running on port8080"
time="2026-04-22 21:18:53" level=info msg="Logger initialised"
time="2026-04-22 21:18:53" level=info msg="server running on port8080"
time="2026-04-23 12:33:54" level=info msg="Logger initialised"
time="2026-04-23 12:33:54" level=info msg="server running on port8080"
time="2026-04-23 12:34:12" level=info msg="Logger initialised"
time="2026-04-23 12:34:13" level=info msg="server running on port8080"
time="2026-04-23 12:34:32" level=info msg="Logger initialised"
time="2026-04-23 12:34:32" level=info msg="server running on port8080"
time="2026-04-23 12:34:45" level=info msg="Signup:shabinmuhammedk.07@gmail.com"
time="2026-04-23 12:34:45" level=error msg="Signup failed:email already exist"
time="2026-04-23 12:36:23" level=info msg="Signup:shabinmuhammedk.07@gmail.com"
time="2026-04-23 12:36:23" level=error msg="Signup failed:email already exist"
time="2026-04-23 12:36:38" level=info msg="Signup:shhabin.07@gmail.com"
time="2026-04-23 12:36:43" level=error msg="Signup failed:ERROR: duplicate key value violates unique constraint \"idx_users_phone\" (SQLSTATE 23505)"
time="2026-04-23 12:37:00" level=info msg="Signup:shhabin.07@gmail.com"
time="2026-04-23 12:37:07" level=info msg="OTP sent to shhabin.07@gmail.com"
time="2026-04-23 19:04:19" level=info msg="Logger initialised"
time="2026-04-23 19:04:20" level=info msg="server running on port8080"
time="2026-04-23 20:20:42" level=info msg="Logger initialised"
time="2026-04-23 20:20:43" level=info msg="server running on port8080"
time="2026-04-23 20:22:59" level=error msg="Login failed:invalid credentials"
time="2026-04-23 20:23:20" level=info msg="Signup:shhabin.07@gmail.com"
time="2026-04-23 20:23:26" level=error msg="Signup failed:ERROR: relation \"users\" does not exist (SQLSTATE 42P01)"
time="2026-04-23 20:23:46" level=info msg="Logger initialised"
time="2026-04-23 20:23:47" level=info msg="server running on port8080"
time="2026-04-23 20:24:04" level=info msg="Signup:shhabin.07@gmail.com"
time="2026-04-23 20:24:09" level=info msg="OTP sent to shhabin.07@gmail.com"
time="2026-04-23 22:19:45" level=info msg="Logger initialised"
time="2026-04-23 22:19:46" level=info msg="Server running on port8080"
time="2026-04-23 22:20:33" level=info msg="Admin user created successfully on first login"
time="2026-04-23 22:39:04" level=warning msg="Refresh failedtoken not found"
time="2026-04-23 22:39:26" level=warning msg="Refresh failedtoken not found"
time="2026-04-23 22:41:25" level=warning msg="Refresh failedtoken not found"
time="2026-04-23 22:43:42" level=info msg="Logger initialised"
time="2026-04-23 22:43:42" level=info msg="Server running on port8080"
time="2026-04-23 22:44:11" level=info msg="Refresh attempt - SessionID: 33c6ab66-25a9-4893-8163-22d4900ca08b, UserID: c84df0cd-8f13-4a56-938f-d6822ba489b1"
time="2026-04-23 22:44:11" level=error msg="Refresh token not found in DB: record not found"
time="2026-04-23 22:44:11" level=warning msg="Refresh failedtoken not found"
time="2026-04-23 22:49:57" level=info msg="Logger initialised"
time="2026-04-23 22:49:57" level=info msg="Server running on port8080"
time="2026-04-23 22:50:37" level=error msg="CRITICAL: Token not found after insert! ID: 06efdf15-7296-410d-a6a8-0a01b154ba1c, Error: record not found"
time="2026-04-23 22:50:37" level=error msg="Login failed:failed to verify refresh token save"
time="2026-04-23 22:50:49" level=error msg="CRITICAL: Token not found after insert! ID: 1901ee3c-3a02-43a7-b365-5b1799bdad33, Error: record not found"
time="2026-04-23 22:50:49" level=error msg="Login failed:failed to verify refresh token save"
time="2026-04-23 22:50:54" level=info msg="Signup:shhabin.07@gmail.com"
time="2026-04-23 22:50:54" level=error msg="Signup failed:email already exist"
time="2026-04-23 22:51:01" level=error msg="CRITICAL: Token not found after insert! ID: 60d51738-54a1-49fd-bf88-af25f9e415be, Error: record not found"
time="2026-04-23 22:51:01" level=error msg="Login failed:failed to verify refresh token save"
time="2026-04-23 23:08:57" level=info msg="Logger initialised"
time="2026-04-23 23:08:58" level=info msg="Server running on port8080"
time="2026-04-23 23:09:23" level=warning msg="Refresh failedtoken not found"
time="2026-04-23 23:19:26" level=warning msg="Refresh failedtoken not found"
time="2026-04-23 23:19:30" level=warning msg="Refresh failedtoken not found"
time="2026-04-23 23:19:47" level=warning msg="Refresh failedtoken not found"
time="2026-04-24 09:26:58" level=info msg="Logger initialised"
time="2026-04-24 09:26:58" level=info msg="Server running on port8080"
time="2026-04-24 09:27:33" level=warning msg="Refresh failedtoken not found"
time="2026-04-24 09:28:00" level=warning msg="Refresh failedtoken not found"
time="2026-04-24 09:49:50" level=info msg="Logger initialised"
time="2026-04-24 09:49:50" level=info msg="Server running on port8080"
time="2026-04-24 09:50:03" level=info msg="Saving refresh token - ID: d182f460-f6ab-4f28-a7fe-fb0b15707956, UserID: c84df0cd-8f13-4a56-938f-d6822ba489b1"
time="2026-04-24 09:50:03" level=info msg="Token hash length: 64"
time="2026-04-24 09:50:03" level=error msg="CRITICAL: Token not found after save! ID: d182f460-f6ab-4f28-a7fe-fb0b15707956, Error: record not found"
time="2026-04-24 09:50:03" level=error msg="Login failed:failed to create session"
time="2026-04-24 09:50:08" level=info msg="Saving refresh token - ID: 226489c5-ae00-4d95-afc1-91c019e7e7c3, UserID: c84df0cd-8f13-4a56-938f-d6822ba489b1"
time="2026-04-24 09:50:08" level=info msg="Token hash length: 64"
time="2026-04-24 09:50:08" level=error msg="CRITICAL: Token not found after save! ID: 226489c5-ae00-4d95-afc1-91c019e7e7c3, Error: record not found"
time="2026-04-24 09:50:08" level=error msg="Login failed:failed to create session"
time="2026-04-24 09:52:29" level=info msg="Logger initialised"
time="2026-04-24 09:52:30" level=info msg="Server running on port8080"
time="2026-04-24 09:52:38" level=info msg="Saving refresh token - ID: e51beafd-39f0-4f4d-aa8d-ac8c0a498232, UserID: c84df0cd-8f13-4a56-938f-d6822ba489b1"
time="2026-04-24 09:52:38" level=info msg="Token hash length: 64"
time="2026-04-24 09:52:38" level=error msg="CRITICAL: Token not found after save! ID: e51beafd-39f0-4f4d-aa8d-ac8c0a498232, Error: record not found"
time="2026-04-24 09:52:38" level=error msg="Login failed:failed to create session"
time="2026-04-24 09:53:14" level=info msg="Logger initialised"
time="2026-04-24 09:53:14" level=info msg="Server running on port8080"
time="2026-04-24 09:53:45" level=warning msg="Refresh failedtoken not found"
time="2026-04-24 09:59:47" level=info msg="Logger initialised"
time="2026-04-24 09:59:47" level=info msg="Server running on port8080"
time="2026-04-24 10:00:12" level=warning msg="Refresh failedtoken not found"
time="2026-04-24 10:02:54" level=info msg="Logger initialised"
time="2026-04-24 10:02:55" level=info msg="Server running on port8080"
time="2026-04-24 10:03:38" level=warning msg="Refresh failedinvalid token"
time="2026-04-24 10:03:45" level=warning msg="Refresh failedinvalid token"
time="2026-04-24 10:03:55" level=warning msg="Refresh failedinvalid token"
time="2026-04-24 10:04:15" level=warning msg="Refresh failedinvalid token"
time="2026-04-24 10:04:16" level=warning msg="Refresh failedinvalid token"
time="2026-04-24 10:10:41" level=info msg="Logger initialised"
time="2026-04-24 10:10:41" level=info msg="Server running on port8080"
time="2026-04-24 10:15:33" level=info msg="Logger initialised"
time="2026-04-24 10:15:34" level=info msg="Server running on port8080"
time="2026-04-24 10:16:04" level=error msg="Login failed:invalid credentials"
time="2026-04-24 10:19:37" level=info msg="Logger initialised"
time="2026-04-24 10:19:38" level=info msg="Server running on port8080"
time="2026-04-24 10:21:38" level=info msg="Logger initialised"
time="2026-04-24 10:21:38" level=info msg="Server running on port8080"
time="2026-04-24 10:23:11" level=info msg="Logger initialised"
time="2026-04-24 10:23:11" level=info msg="Server running on port8080"
time="2026-04-24 10:27:53" level=info msg="Logger initialised"
time="2026-04-24 10:27:53" level=info msg="Server running on port8080"
time="2026-04-24 10:35:40" level=warning msg="Refresh failedinvalid token"
time="2026-04-24 11:04:29" level=info msg="Logger initialised"
time="2026-04-24 11:04:29" level=info msg="Server running on port8080"
time="2026-04-24 11:15:12" level=info msg="Logger initialised"
time="2026-04-24 11:15:12" level=info msg="Server running on port8080"
time="2026-04-24 11:20:34" level=info msg="Logger initialised"
time="2026-04-24 11:20:34" level=info msg="Server running on port8080"
time="2026-04-24 11:23:37" level=info msg="Logger initialised"
time="2026-04-24 11:23:38" level=info msg="Server running on port8080"
time="2026-04-24 11:38:11" level=info msg="Logger initialised"
time="2026-04-24 11:38:11" level=info msg="Server running on port8080"
time="2026-04-24 11:44:18" level=info msg="Logger initialised"
time="2026-04-24 11:44:18" level=info msg="Server running on port8080"
time="2026-04-24 11:47:20" level=info msg="Logger initialised"
time="2026-04-24 11:47:20" level=info msg="Server running on port8080"
time="2026-04-24 11:49:20" level=info msg="Logger initialised"
time="2026-04-24 11:49:21" level=info msg="Server running on port8080"
